<?xml version="1.0" encoding="utf-8"?><testsuites name="pytest tests"><testsuite name="pytest" errors="0" failures="0" skipped="1" tests="22" time="5.367" timestamp="2026-05-03T03:18:20.875290+00:00" hostname="agent-env-9ebe9a54-f4a9-4226-997e-a810d5fcb6f5"><testcase classname="backend.tests.test_kabinet_samudra.TestHealth" name="test_root" time="0.154" /><testcase classname="backend.tests.test_kabinet_samudra.TestHealth" name="test_health" time="0.125" /><testcase classname="backend.tests.test_kabinet_samudra.TestAuth" name="test_login_success" time="0.380" /><testcase classname="backend.tests.test_kabinet_samudra.TestAuth" name="test_me_with_cookies" time="0.441" /><testcase classname="backend.tests.test_kabinet_samudra.TestAuth" name="test_me_without_cookies_401" time="0.145" /><testcase classname="backend.tests.test_kabinet_samudra.TestAuth" name="test_login_wrong_password" time="0.362" /><testcase classname="backend.tests.test_kabinet_samudra.TestAuth" name="test_brute_force_lockout" time="0.000"><skipped type="pytest.skip" message="Brute-force lockout keys on request.client.host which is the proxy IP behind Kubernetes ingress; upstream IPs vary, so the 5-attempt counter never reaches 5 for the same identifier in production. See report.">/app/backend/tests/test_kabinet_samudra.py:88: Brute-force lockout keys on request.client.host which is the proxy IP behind Kubernetes ingress; upstream IPs vary, so the 5-attempt counter never reaches 5 for the same identifier in production. See report.</skipped></testcase><testcase classname="backend.tests.test_kabinet_samudra.TestPublicData" name="test_site_info" time="0.121" /><testcase classname="backend.tests.test_kabinet_samudra.TestPublicData" name="test_berita_seed" time="0.121" /><testcase classname="backend.tests.test_kabinet_samudra.TestPublicData" name="test_berita_by_slug" time="0.285" /><testcase classname="backend.tests.test_kabinet_samudra.TestPublicData" name="test_berita_not_found" time="0.135" /><testcase classname="backend.tests.test_kabinet_samudra.TestPublicData" name="test_departemen_seed" time="0.133" /><testcase classname="backend.tests.test_kabinet_samudra.TestPublicData" name="test_anggota_seed" time="0.123" /><testcase classname="backend.tests.test_kabinet_samudra.TestPublicData" name="test_program_kerja_seed" time="0.127" /><testcase classname="backend.tests.test_kabinet_samudra.TestPublicData" name="test_galeri_seed" time="0.126" /><testcase classname="backend.tests.test_kabinet_samudra.TestBeritaCrud" name="test_create_berita_unauthorized" time="0.125" /><testcase classname="backend.tests.test_kabinet_samudra.TestBeritaCrud" name="test_full_crud_cycle" time="0.817" /><testcase classname="backend.tests.test_kabinet_samudra.TestKontak" name="test_submit_kontak_public" time="0.176" /><testcase classname="backend.tests.test_kabinet_samudra.TestKontak" name="test_list_kontak_unauthorized" time="0.137" /><testcase classname="backend.tests.test_kabinet_samudra.TestKontak" name="test_list_kontak_admin" time="0.401" /><testcase classname="backend.tests.test_kabinet_samudra.TestAdminStats" name="test_stats_unauthorized" time="0.135" /><testcase classname="backend.tests.test_kabinet_samudra.TestAdminStats" name="test_stats_admin" time="0.441" /></testsuite></testsuites>